<?xml version="1.0" encoding="UTF-8"?>
<testsuite xmlns:xsi="http://www.w3.org/2001/XMLSchema-instance" xsi:noNamespaceSchemaLocation="https://maven.apache.org/surefire/maven-surefire-plugin/xsd/surefire-test-report-3.0.xsd" version="3.0" name="examples.ExamplesTest" time="4.702" tests="1" errors="0" skipped="0" failures="1">
  <properties>
[...]
</properties>
  <testcase name="testParallel" classname="examples.ExamplesTest" time="4.672">
    <failure message="js failed:&#10;&gt;&gt;&gt;&gt;&#10;01: base&#10;&lt;&lt;&lt;&lt;&#10;org.graalvm.polyglot.PolyglotException: ReferenceError: &quot;base&quot; is not defined&#10;- &lt;js&gt;.:program(Unnamed:1)&#10;&#10;classpath:examples/pets/pets.feature:4&#10;js failed:&#10;&gt;&gt;&gt;&gt;&#10;01: base&#10;&lt;&lt;&lt;&lt;&#10;org.graalvm.polyglot.PolyglotException: ReferenceError: &quot;base&quot; is not defined&#10;- &lt;js&gt;.:program(Unnamed:1)&#10;&#10;classpath:examples/pets/pets.feature:4&#10;js failed:&#10;&gt;&gt;&gt;&gt;&#10;01: base&#10;&lt;&lt;&lt;&lt;&#10;org.graalvm.polyglot.PolyglotException: ReferenceError: &quot;base&quot; is not defined&#10;- &lt;js&gt;.:program(Unnamed:1)&#10;&#10;classpath:examples/pets/pets.feature:4&#10;js failed:&#10;&gt;&gt;&gt;&gt;&#10;01: base&#10;&lt;&lt;&lt;&lt;&#10;org.graalvm.polyglot.PolyglotException: ReferenceError: &quot;base&quot; is not defined&#10;- &lt;js&gt;.:program(Unnamed:1)&#10;&#10;classpath:examples/pets/pets.feature:4&#10;js failed:&#10;&gt;&gt;&gt;&gt;&#10;01: base&#10;&lt;&lt;&lt;&lt;&#10;org.graalvm.polyglot.PolyglotException: ReferenceError: &quot;base&quot; is not defined&#10;- &lt;js&gt;.:program(Unnamed:1)&#10;&#10;classpath:examples/pets/pets.feature:4 ==&gt; expected: &lt;0&gt; but was: &lt;5&gt;" type="org.opentest4j.AssertionFailedError"><![CDATA[org.opentest4j.AssertionFailedError: 
js failed:
>>>>
01: base
<<<<
org.graalvm.polyglot.PolyglotException: ReferenceError: "base" is not defined
- <js>.:program(Unnamed:1)

classpath:examples/pets/pets.feature:4
js failed:
>>>>
01: base
<<<<
org.graalvm.polyglot.PolyglotException: ReferenceError: "base" is not defined
- <js>.:program(Unnamed:1)

classpath:examples/pets/pets.feature:4
js failed:
>>>>
01: base
<<<<
org.graalvm.polyglot.PolyglotException: ReferenceError: "base" is not defined
- <js>.:program(Unnamed:1)

classpath:examples/pets/pets.feature:4
js failed:
>>>>
01: base
<<<<
org.graalvm.polyglot.PolyglotException: ReferenceError: "base" is not defined
- <js>.:program(Unnamed:1)

classpath:examples/pets/pets.feature:4
js failed:
>>>>
01: base
<<<<
org.graalvm.polyglot.PolyglotException: ReferenceError: "base" is not defined
- <js>.:program(Unnamed:1)

classpath:examples/pets/pets.feature:4 ==> expected: <0> but was: <5>
	at org.junit.jupiter.api.AssertionFailureBuilder.build(AssertionFailureBuilder.java:151)
	at org.junit.jupiter.api.AssertionFailureBuilder.buildAndThrow(AssertionFailureBuilder.java:132)
	at org.junit.jupiter.api.AssertEquals.failNotEqual(AssertEquals.java:197)
	at org.junit.jupiter.api.AssertEquals.assertEquals(AssertEquals.java:150)
	at org.junit.jupiter.api.Assertions.assertEquals(Assertions.java:563)
	at examples.ExamplesTest.testParallel(ExamplesTest.java:15)
	at java.base/java.lang.reflect.Method.invoke(Method.java:578)
	at java.base/java.util.ArrayList.forEach(ArrayList.java:1511)
	at java.base/java.util.ArrayList.forEach(ArrayList.java:1511)
]]></failure>
    <system-out><![CDATA[21:48:01.804 [main] DEBUG com.intuit.karate.Suite - [config] classpath:karate-config.js
21:48:01.812 [main] INFO  com.intuit.karate.Suite - backed up existing 'target\karate-reports' dir to: target\karate-reports_1767667681809
21:48:01.818 [main] DEBUG com.intuit.karate.Suite - waiting for 2 features to complete
21:48:03.290 [pool-2-thread-3] INFO  com.intuit.karate - karate.env system property was: null 
21:48:03.290 [pool-2-thread-2] INFO  com.intuit.karate - karate.env system property was: null 
21:48:03.290 [pool-2-thread-5] INFO  com.intuit.karate - karate.env system property was: null 
21:48:03.290 [pool-2-thread-4] INFO  com.intuit.karate - karate.env system property was: null 
21:48:03.290 [pool-2-thread-1] INFO  com.intuit.karate - karate.env system property was: null 
21:48:03.384 [pool-2-thread-5] ERROR com.intuit.karate - classpath:examples/pets/pets.feature:4
* url base
js failed:
>>>>
01: base
<<<<
org.graalvm.polyglot.PolyglotException: ReferenceError: "base" is not defined
- <js>.:program(Unnamed:1)

classpath:examples/pets/pets.feature:4
21:48:03.384 [pool-2-thread-4] ERROR com.intuit.karate - classpath:examples/pets/pets.feature:4
* url base
js failed:
>>>>
01: base
<<<<
org.graalvm.polyglot.PolyglotException: ReferenceError: "base" is not defined
- <js>.:program(Unnamed:1)

classpath:examples/pets/pets.feature:4
21:48:03.401 [pool-2-thread-5] INFO  com.intuit.karate - karate.env system property was: null 
21:48:03.401 [pool-2-thread-4] INFO  com.intuit.karate - karate.env system property was: null 
21:48:03.406 [pool-2-thread-5] ERROR com.intuit.karate - classpath:examples/pets/pets.feature:4
* url base
js failed:
>>>>
01: base
<<<<
org.graalvm.polyglot.PolyglotException: ReferenceError: "base" is not defined
- <js>.:program(Unnamed:1)

classpath:examples/pets/pets.feature:4
21:48:03.406 [pool-2-thread-4] ERROR com.intuit.karate - classpath:examples/pets/pets.feature:4
* url base
js failed:
>>>>
01: base
<<<<
org.graalvm.polyglot.PolyglotException: ReferenceError: "base" is not defined
- <js>.:program(Unnamed:1)

classpath:examples/pets/pets.feature:4
21:48:03.409 [pool-2-thread-5] INFO  com.intuit.karate - karate.env system property was: null 
21:48:03.413 [pool-2-thread-5] ERROR com.intuit.karate - classpath:examples/pets/pets.feature:4
* url base
js failed:
>>>>
01: base
<<<<
org.graalvm.polyglot.PolyglotException: ReferenceError: "base" is not defined
- <js>.:program(Unnamed:1)

classpath:examples/pets/pets.feature:4
21:48:03.884 [pool-2-thread-1] DEBUG com.intuit.karate - request:
1 > GET http://localhost:3000/protected-basic
1 > Authorization: Basic YWRtaW46cGFzc3dvcmQxMjM=
1 > Host: localhost:3000
1 > Connection: Keep-Alive
1 > User-Agent: Apache-HttpClient/4.5.14 (Java/19.0.2)
1 > Accept-Encoding: gzip,deflate


21:48:03.884 [pool-2-thread-2] DEBUG com.intuit.karate - request:
1 > GET http://localhost:3000/protected-basic
1 > Authorization: Basic YWRtaW46cGFzc3dvcmQxMjM0
1 > Host: localhost:3000
1 > Connection: Keep-Alive
1 > User-Agent: Apache-HttpClient/4.5.14 (Java/19.0.2)
1 > Accept-Encoding: gzip,deflate


21:48:03.885 [pool-2-thread-3] DEBUG com.intuit.karate - request:
1 > POST http://localhost:3000/login
1 > Content-Type: application/json; charset=UTF-8
1 > Content-Length: 25
1 > Host: localhost:3000
1 > Connection: Keep-Alive
1 > User-Agent: Apache-HttpClient/4.5.14 (Java/19.0.2)
1 > Accept-Encoding: gzip,deflate
{"username":"automation"}

21:48:03.939 [pool-2-thread-2] DEBUG com.intuit.karate - response time in milliseconds: 52
1 < 401
1 < X-Powered-By: Express
1 < WWW-Authenticate: Basic realm="example"
1 < Content-Type: text/plain; charset=utf-8
1 < Content-Length: 12
1 < ETag: W/"c-dAuDFQrdjS3hezqxDTNgW7AOlYk"
1 < Date: Tue, 06 Jan 2026 02:48:03 GMT
1 < Connection: keep-alive
1 < Keep-Alive: timeout=5
Unauthorized

21:48:03.947 [pool-2-thread-3] DEBUG com.intuit.karate - response time in milliseconds: 62
1 < 200
1 < X-Powered-By: Express
1 < Content-Type: application/json; charset=utf-8
1 < Content-Length: 206
1 < ETag: W/"ce-Waz7izypaoLmmTTNFzlIA6z+i58"
1 < Date: Tue, 06 Jan 2026 02:48:03 GMT
1 < Connection: keep-alive
1 < Keep-Alive: timeout=5
{"status":"success","message":"Token generated","data":{"accessToken":"eyJhbGciOiJIUzI1NiIsInR5cCI6IkpXVCJ9.eyJuYW1lIjoiYXV0b21hdGlvbiIsImlhdCI6MTc2NzY2NzY4M30.D_E5eSF1EIL74MKBc4jvZTku_K6F1AZZRE_U2LCXZJ4"}}

21:48:03.948 [pool-2-thread-1] DEBUG com.intuit.karate - response time in milliseconds: 63
1 < 200
1 < X-Powered-By: Express
1 < Content-Type: text/html; charset=utf-8
1 < Content-Length: 52
1 < ETag: W/"34-5hLxTCL454xXrj8Ihw5i3VJ+tlg"
1 < Date: Tue, 06 Jan 2026 02:48:03 GMT
1 < Connection: keep-alive
1 < Keep-Alive: timeout=5
Hello admin, you have accessed a protected endpoint!

21:48:03.962 [pool-2-thread-3] DEBUG com.intuit.karate - request:
2 > GET http://localhost:3000/protected-bearer
2 > authorization: Bearer eyJhbGciOiJIUzI1NiIsInR5cCI6IkpXVCJ9.eyJuYW1lIjoiYXV0b21hdGlvbiIsImlhdCI6MTc2NzY2NzY4M30.D_E5eSF1EIL74MKBc4jvZTku_K6F1AZZRE_U2LCXZJ4
2 > Host: localhost:3000
2 > Connection: Keep-Alive
2 > User-Agent: Apache-HttpClient/4.5.14 (Java/19.0.2)
2 > Accept-Encoding: gzip,deflate


21:48:03.967 [pool-2-thread-3] DEBUG com.intuit.karate - response time in milliseconds: 5
2 < 200
2 < X-Powered-By: Express
2 < Content-Type: text/html; charset=utf-8
2 < Content-Length: 57
2 < ETag: W/"39-T/2gA1KPPGj1Zs8TUFoCRZwYXuM"
2 < Date: Tue, 06 Jan 2026 02:48:03 GMT
2 < Connection: keep-alive
2 < Keep-Alive: timeout=5
Hello automation, you have accessed a protected endpoint!

---------------------------------------------------------
feature: classpath:examples/authentication/authentication.feature
scenarios:  3 | passed:  3 | failed:  0 | time: 1.8044
---------------------------------------------------------

21:48:04.825 [pool-3-thread-1] INFO  com.intuit.karate.Suite - <<pass>> feature 1 of 2 (1 remaining) classpath:examples/authentication/authentication.feature
---------------------------------------------------------
feature: classpath:examples/pets/pets.feature
scenarios:  5 | passed:  0 | failed:  5 | time: 0.0687
---------------------------------------------------------

21:48:05.032 [pool-3-thread-1] INFO  com.intuit.karate.Suite - <<fail>> feature 2 of 2 (0 remaining) classpath:examples/pets/pets.feature
Karate version: 1.5.0
======================================================
elapsed:   4.13 | threads:    5 | thread time: 1.87 
features:     2 | skipped:    0 | efficiency: 0.09
scenarios:    8 | passed:     3 | failed: 5
======================================================
>>> failed features:
js failed:
>>>>
01: base
<<<<
org.graalvm.polyglot.PolyglotException: ReferenceError: "base" is not defined
- <js>.:program(Unnamed:1)

classpath:examples/pets/pets.feature:4
js failed:
>>>>
01: base
<<<<
org.graalvm.polyglot.PolyglotException: ReferenceError: "base" is not defined
- <js>.:program(Unnamed:1)

classpath:examples/pets/pets.feature:4
js failed:
>>>>
01: base
<<<<
org.graalvm.polyglot.PolyglotException: ReferenceError: "base" is not defined
- <js>.:program(Unnamed:1)

classpath:examples/pets/pets.feature:4
js failed:
>>>>
01: base
<<<<
org.graalvm.polyglot.PolyglotException: ReferenceError: "base" is not defined
- <js>.:program(Unnamed:1)

classpath:examples/pets/pets.feature:4
js failed:
>>>>
01: base
<<<<
org.graalvm.polyglot.PolyglotException: ReferenceError: "base" is not defined
- <js>.:program(Unnamed:1)

classpath:examples/pets/pets.feature:4
<<<

HTML report: (paste into browser to view) | Karate version: 1.5.0
file:///C:/Users/Danny/OneDrive/Documentos/02.Curso_Karate/api-karate-test-automation/target/karate-reports/karate-summary.html
===================================================================

]]></system-out>
  </testcase>
</testsuite>